

Started GET "/" for 127.0.0.1 at 2015-07-18 14:40:27 +0900

ActiveRecord::PendingMigrationError (

Migrations are pending. To resolve this issue, run:

	bin/rake db:migrate RAILS_ENV=development

):
  activerecord (4.2.1) lib/active_record/migration.rb:393:in `check_pending!'
  activerecord (4.2.1) lib/active_record/migration.rb:374:in `call'
  actionpack (4.2.1) lib/action_dispatch/middleware/callbacks.rb:29:in `block in call'
  activesupport (4.2.1) lib/active_support/callbacks.rb:88:in `call'
  activesupport (4.2.1) lib/active_support/callbacks.rb:88:in `_run_callbacks'
  activesupport (4.2.1) lib/active_support/callbacks.rb:776:in `_run_call_callbacks'
  activesupport (4.2.1) lib/active_support/callbacks.rb:81:in `run_callbacks'
  actionpack (4.2.1) lib/action_dispatch/middleware/callbacks.rb:27:in `call'
  actionpack (4.2.1) lib/action_dispatch/middleware/reloader.rb:73:in `call'
  actionpack (4.2.1) lib/action_dispatch/middleware/remote_ip.rb:78:in `call'
  actionpack (4.2.1) lib/action_dispatch/middleware/debug_exceptions.rb:17:in `call'
  web-console (2.2.1) lib/web_console/middleware.rb:39:in `call'
  actionpack (4.2.1) lib/action_dispatch/middleware/show_exceptions.rb:30:in `call'
  railties (4.2.1) lib/rails/rack/logger.rb:38:in `call_app'
  railties (4.2.1) lib/rails/rack/logger.rb:20:in `block in call'
  activesupport (4.2.1) lib/active_support/tagged_logging.rb:68:in `block in tagged'
  activesupport (4.2.1) lib/active_support/tagged_logging.rb:26:in `tagged'
  activesupport (4.2.1) lib/active_support/tagged_logging.rb:68:in `tagged'
  railties (4.2.1) lib/rails/rack/logger.rb:20:in `call'
  actionpack (4.2.1) lib/action_dispatch/middleware/request_id.rb:21:in `call'
  rack (1.6.4) lib/rack/methodoverride.rb:22:in `call'
  rack (1.6.4) lib/rack/runtime.rb:18:in `call'
  activesupport (4.2.1) lib/active_support/cache/strategy/local_cache_middleware.rb:28:in `call'
  rack (1.6.4) lib/rack/lock.rb:17:in `call'
  actionpack (4.2.1) lib/action_dispatch/middleware/static.rb:113:in `call'
  rack (1.6.4) lib/rack/sendfile.rb:113:in `call'
  railties (4.2.1) lib/rails/engine.rb:518:in `call'
  railties (4.2.1) lib/rails/application.rb:164:in `call'
  rack (1.6.4) lib/rack/lock.rb:17:in `call'
  rack (1.6.4) lib/rack/content_length.rb:15:in `call'
  rack (1.6.4) lib/rack/handler/webrick.rb:88:in `service'
  /Users/01006510/.rbenv/versions/2.1.1/lib/ruby/2.1.0/webrick/httpserver.rb:138:in `service'
  /Users/01006510/.rbenv/versions/2.1.1/lib/ruby/2.1.0/webrick/httpserver.rb:94:in `run'
  /Users/01006510/.rbenv/versions/2.1.1/lib/ruby/2.1.0/webrick/server.rb:295:in `block in start_thread'


  Rendered /Users/01006510/.rbenv/versions/2.1.1/lib/ruby/gems/2.1.0/gems/actionpack-4.2.1/lib/action_dispatch/middleware/templates/rescues/_source.erb (2.3ms)
  Rendered /Users/01006510/.rbenv/versions/2.1.1/lib/ruby/gems/2.1.0/gems/actionpack-4.2.1/lib/action_dispatch/middleware/templates/rescues/_trace.html.erb (2.3ms)
  Rendered /Users/01006510/.rbenv/versions/2.1.1/lib/ruby/gems/2.1.0/gems/actionpack-4.2.1/lib/action_dispatch/middleware/templates/rescues/_request_and_response.html.erb (0.8ms)
  Rendered /Users/01006510/.rbenv/versions/2.1.1/lib/ruby/gems/2.1.0/gems/actionpack-4.2.1/lib/action_dispatch/middleware/templates/rescues/diagnostics.html.erb within rescues/layout (49.0ms)
  Rendered /Users/01006510/.rbenv/versions/2.1.1/lib/ruby/gems/2.1.0/gems/web-console-2.2.1/lib/web_console/templates/_markup.html.erb (0.4ms)
  Rendered /Users/01006510/.rbenv/versions/2.1.1/lib/ruby/gems/2.1.0/gems/web-console-2.2.1/lib/web_console/templates/_inner_console_markup.html.erb within layouts/inlined_string (0.3ms)
  Rendered /Users/01006510/.rbenv/versions/2.1.1/lib/ruby/gems/2.1.0/gems/web-console-2.2.1/lib/web_console/templates/_prompt_box_markup.html.erb within layouts/inlined_string (0.3ms)
  Rendered /Users/01006510/.rbenv/versions/2.1.1/lib/ruby/gems/2.1.0/gems/web-console-2.2.1/lib/web_console/templates/style.css.erb within layouts/inlined_string (0.3ms)
  Rendered /Users/01006510/.rbenv/versions/2.1.1/lib/ruby/gems/2.1.0/gems/web-console-2.2.1/lib/web_console/templates/console.js.erb within layouts/javascript (33.8ms)
  Rendered /Users/01006510/.rbenv/versions/2.1.1/lib/ruby/gems/2.1.0/gems/web-console-2.2.1/lib/web_console/templates/main.js.erb within layouts/javascript (0.3ms)
  Rendered /Users/01006510/.rbenv/versions/2.1.1/lib/ruby/gems/2.1.0/gems/web-console-2.2.1/lib/web_console/templates/error_page.js.erb within layouts/javascript (0.4ms)
  Rendered /Users/01006510/.rbenv/versions/2.1.1/lib/ruby/gems/2.1.0/gems/web-console-2.2.1/lib/web_console/templates/index.html.erb (90.2ms)


Started GET "/" for 127.0.0.1 at 2015-07-18 14:41:08 +0900

ActiveRecord::PendingMigrationError (

Migrations are pending. To resolve this issue, run:

	bin/rake db:migrate RAILS_ENV=development

):
  activerecord (4.2.1) lib/active_record/migration.rb:393:in `check_pending!'
  activerecord (4.2.1) lib/active_record/migration.rb:374:in `call'
  actionpack (4.2.1) lib/action_dispatch/middleware/callbacks.rb:29:in `block in call'
  activesupport (4.2.1) lib/active_support/callbacks.rb:88:in `call'
  activesupport (4.2.1) lib/active_support/callbacks.rb:88:in `_run_callbacks'
  activesupport (4.2.1) lib/active_support/callbacks.rb:776:in `_run_call_callbacks'
  activesupport (4.2.1) lib/active_support/callbacks.rb:81:in `run_callbacks'
  actionpack (4.2.1) lib/action_dispatch/middleware/callbacks.rb:27:in `call'
  actionpack (4.2.1) lib/action_dispatch/middleware/reloader.rb:73:in `call'
  actionpack (4.2.1) lib/action_dispatch/middleware/remote_ip.rb:78:in `call'
  actionpack (4.2.1) lib/action_dispatch/middleware/debug_exceptions.rb:17:in `call'
  web-console (2.2.1) lib/web_console/middleware.rb:39:in `call'
  actionpack (4.2.1) lib/action_dispatch/middleware/show_exceptions.rb:30:in `call'
  railties (4.2.1) lib/rails/rack/logger.rb:38:in `call_app'
  railties (4.2.1) lib/rails/rack/logger.rb:20:in `block in call'
  activesupport (4.2.1) lib/active_support/tagged_logging.rb:68:in `block in tagged'
  activesupport (4.2.1) lib/active_support/tagged_logging.rb:26:in `tagged'
  activesupport (4.2.1) lib/active_support/tagged_logging.rb:68:in `tagged'
  railties (4.2.1) lib/rails/rack/logger.rb:20:in `call'
  actionpack (4.2.1) lib/action_dispatch/middleware/request_id.rb:21:in `call'
  rack (1.6.4) lib/rack/methodoverride.rb:22:in `call'
  rack (1.6.4) lib/rack/runtime.rb:18:in `call'
  activesupport (4.2.1) lib/active_support/cache/strategy/local_cache_middleware.rb:28:in `call'
  rack (1.6.4) lib/rack/lock.rb:17:in `call'
  actionpack (4.2.1) lib/action_dispatch/middleware/static.rb:113:in `call'
  rack (1.6.4) lib/rack/sendfile.rb:113:in `call'
  railties (4.2.1) lib/rails/engine.rb:518:in `call'
  railties (4.2.1) lib/rails/application.rb:164:in `call'
  rack (1.6.4) lib/rack/lock.rb:17:in `call'
  rack (1.6.4) lib/rack/content_length.rb:15:in `call'
  rack (1.6.4) lib/rack/handler/webrick.rb:88:in `service'
  /Users/01006510/.rbenv/versions/2.1.1/lib/ruby/2.1.0/webrick/httpserver.rb:138:in `service'
  /Users/01006510/.rbenv/versions/2.1.1/lib/ruby/2.1.0/webrick/httpserver.rb:94:in `run'
  /Users/01006510/.rbenv/versions/2.1.1/lib/ruby/2.1.0/webrick/server.rb:295:in `block in start_thread'


  Rendered /Users/01006510/.rbenv/versions/2.1.1/lib/ruby/gems/2.1.0/gems/actionpack-4.2.1/lib/action_dispatch/middleware/templates/rescues/_source.erb (2.4ms)
  Rendered /Users/01006510/.rbenv/versions/2.1.1/lib/ruby/gems/2.1.0/gems/actionpack-4.2.1/lib/action_dispatch/middleware/templates/rescues/_trace.html.erb (1.3ms)
  Rendered /Users/01006510/.rbenv/versions/2.1.1/lib/ruby/gems/2.1.0/gems/actionpack-4.2.1/lib/action_dispatch/middleware/templates/rescues/_request_and_response.html.erb (1.1ms)
  Rendered /Users/01006510/.rbenv/versions/2.1.1/lib/ruby/gems/2.1.0/gems/actionpack-4.2.1/lib/action_dispatch/middleware/templates/rescues/diagnostics.html.erb within rescues/layout (17.9ms)
  Rendered /Users/01006510/.rbenv/versions/2.1.1/lib/ruby/gems/2.1.0/gems/web-console-2.2.1/lib/web_console/templates/_markup.html.erb (0.3ms)
  Rendered /Users/01006510/.rbenv/versions/2.1.1/lib/ruby/gems/2.1.0/gems/web-console-2.2.1/lib/web_console/templates/_inner_console_markup.html.erb within layouts/inlined_string (0.4ms)
  Rendered /Users/01006510/.rbenv/versions/2.1.1/lib/ruby/gems/2.1.0/gems/web-console-2.2.1/lib/web_console/templates/_prompt_box_markup.html.erb within layouts/inlined_string (0.3ms)
  Rendered /Users/01006510/.rbenv/versions/2.1.1/lib/ruby/gems/2.1.0/gems/web-console-2.2.1/lib/web_console/templates/style.css.erb within layouts/inlined_string (0.4ms)
  Rendered /Users/01006510/.rbenv/versions/2.1.1/lib/ruby/gems/2.1.0/gems/web-console-2.2.1/lib/web_console/templates/console.js.erb within layouts/javascript (17.4ms)
  Rendered /Users/01006510/.rbenv/versions/2.1.1/lib/ruby/gems/2.1.0/gems/web-console-2.2.1/lib/web_console/templates/main.js.erb within layouts/javascript (1.7ms)
  Rendered /Users/01006510/.rbenv/versions/2.1.1/lib/ruby/gems/2.1.0/gems/web-console-2.2.1/lib/web_console/templates/error_page.js.erb within layouts/javascript (1.0ms)
  Rendered /Users/01006510/.rbenv/versions/2.1.1/lib/ruby/gems/2.1.0/gems/web-console-2.2.1/lib/web_console/templates/index.html.erb (40.4ms)
  [1m[36m (1.3ms)[0m  [1mCREATE TABLE "schema_migrations" ("version" varchar NOT NULL) [0m
  [1m[35m (0.1ms)[0m  select sqlite_version(*)
  [1m[36m (0.8ms)[0m  [1mCREATE UNIQUE INDEX "unique_schema_migrations" ON "schema_migrations" ("version")[0m
  [1m[35mActiveRecord::SchemaMigration Load (0.1ms)[0m  SELECT "schema_migrations".* FROM "schema_migrations"
Migrating to CreateUsers (20150717141138)
  [1m[36m (0.1ms)[0m  [1mbegin transaction[0m
  [1m[35m (0.5ms)[0m  CREATE TABLE "users" ("id" INTEGER PRIMARY KEY AUTOINCREMENT NOT NULL, "name" varchar, "email" varchar, "encrypted_password" varchar, "user_type_id" integer, "created_at" datetime NOT NULL, "updated_at" datetime NOT NULL) 
  [1m[36mSQL (0.2ms)[0m  [1mINSERT INTO "schema_migrations" ("version") VALUES (?)[0m  [["version", "20150717141138"]]
  [1m[35m (0.9ms)[0m  commit transaction
Migrating to CreateScores (20150717142736)
  [1m[36m (0.1ms)[0m  [1mbegin transaction[0m
  [1m[35m (0.3ms)[0m  CREATE TABLE "scores" ("id" INTEGER PRIMARY KEY AUTOINCREMENT NOT NULL, "user_id" integer NOT NULL, "category_id" integer NOT NULL, "song_id" integer NOT NULL, "created_at" datetime NOT NULL, "updated_at" datetime NOT NULL) 
  [1m[36mSQL (0.1ms)[0m  [1mINSERT INTO "schema_migrations" ("version") VALUES (?)[0m  [["version", "20150717142736"]]
  [1m[35m (0.8ms)[0m  commit transaction
Migrating to CreateSongs (20150717143747)
  [1m[36m (0.0ms)[0m  [1mbegin transaction[0m
  [1m[35m (0.3ms)[0m  CREATE TABLE "songs" ("id" INTEGER PRIMARY KEY AUTOINCREMENT NOT NULL, "title" varchar NOT NULL, "artist" varchar NOT NULL, "created_at" datetime NOT NULL, "updated_at" datetime NOT NULL) 
  [1m[36mSQL (0.1ms)[0m  [1mINSERT INTO "schema_migrations" ("version") VALUES (?)[0m  [["version", "20150717143747"]]
  [1m[35m (0.8ms)[0m  commit transaction
Migrating to CreateUserTypes (20150717144031)
  [1m[36m (0.1ms)[0m  [1mbegin transaction[0m
  [1m[35m (0.4ms)[0m  CREATE TABLE "user_types" ("id" INTEGER PRIMARY KEY AUTOINCREMENT NOT NULL, "generation_id" integer NOT NULL, "gender_id" integer NOT NULL, "created_at" datetime NOT NULL, "updated_at" datetime NOT NULL) 
  [1m[36mSQL (0.1ms)[0m  [1mINSERT INTO "schema_migrations" ("version") VALUES (?)[0m  [["version", "20150717144031"]]
  [1m[35m (0.8ms)[0m  commit transaction
Migrating to CreateGenerations (20150717144200)
  [1m[36m (0.1ms)[0m  [1mbegin transaction[0m
  [1m[35m (0.5ms)[0m  CREATE TABLE "generations" ("id" INTEGER PRIMARY KEY AUTOINCREMENT NOT NULL, "name" varchar, "value" integer, "created_at" datetime NOT NULL, "updated_at" datetime NOT NULL) 
  [1m[36mSQL (0.1ms)[0m  [1mINSERT INTO "schema_migrations" ("version") VALUES (?)[0m  [["version", "20150717144200"]]
  [1m[35m (0.7ms)[0m  commit transaction
Migrating to CreateGenders (20150717144440)
  [1m[36m (0.0ms)[0m  [1mbegin transaction[0m
  [1m[35m (0.3ms)[0m  CREATE TABLE "genders" ("id" INTEGER PRIMARY KEY AUTOINCREMENT NOT NULL, "name" varchar NOT NULL, "created_at" datetime NOT NULL, "updated_at" datetime NOT NULL) 
  [1m[36mSQL (0.1ms)[0m  [1mINSERT INTO "schema_migrations" ("version") VALUES (?)[0m  [["version", "20150717144440"]]
  [1m[35m (0.7ms)[0m  commit transaction
Migrating to CreateCategories (20150717144643)
  [1m[36m (0.0ms)[0m  [1mbegin transaction[0m
  [1m[35m (0.3ms)[0m  CREATE TABLE "categories" ("id" INTEGER PRIMARY KEY AUTOINCREMENT NOT NULL, "name" varchar NOT NULL, "description" text NOT NULL, "created_at" datetime NOT NULL, "updated_at" datetime NOT NULL) 
  [1m[36mSQL (0.1ms)[0m  [1mINSERT INTO "schema_migrations" ("version") VALUES (?)[0m  [["version", "20150717144643"]]
  [1m[35m (0.7ms)[0m  commit transaction
Migrating to CreateCategorySongs (20150717145926)
  [1m[36m (0.0ms)[0m  [1mbegin transaction[0m
  [1m[35m (0.3ms)[0m  CREATE TABLE "category_songs" ("id" INTEGER PRIMARY KEY AUTOINCREMENT NOT NULL, "category_id" integer, "song_id" integer, "created_at" datetime NOT NULL, "updated_at" datetime NOT NULL) 
  [1m[36mSQL (0.1ms)[0m  [1mINSERT INTO "schema_migrations" ("version") VALUES (?)[0m  [["version", "20150717145926"]]
  [1m[35m (0.8ms)[0m  commit transaction
Migrating to CreateCategoryUserTypes (20150717150149)
  [1m[36m (0.1ms)[0m  [1mbegin transaction[0m
  [1m[35m (0.3ms)[0m  CREATE TABLE "category_user_types" ("id" INTEGER PRIMARY KEY AUTOINCREMENT NOT NULL, "category_id" integer, "user_type_id" integer, "created_at" datetime NOT NULL, "updated_at" datetime NOT NULL) 
  [1m[36mSQL (0.1ms)[0m  [1mINSERT INTO "schema_migrations" ("version") VALUES (?)[0m  [["version", "20150717150149"]]
  [1m[35m (0.9ms)[0m  commit transaction
  [1m[36mActiveRecord::SchemaMigration Load (0.1ms)[0m  [1mSELECT "schema_migrations".* FROM "schema_migrations"[0m


Started GET "/" for 127.0.0.1 at 2015-07-18 14:42:00 +0900
  [1m[36mActiveRecord::SchemaMigration Load (0.1ms)[0m  [1mSELECT "schema_migrations".* FROM "schema_migrations"[0m
Processing by Rails::WelcomeController#index as HTML
  Rendered /Users/01006510/.rbenv/versions/2.1.1/lib/ruby/gems/2.1.0/gems/railties-4.2.1/lib/rails/templates/rails/welcome/index.html.erb (0.7ms)
Completed 200 OK in 24ms (Views: 11.3ms | ActiveRecord: 0.0ms)


Started GET "/" for 127.0.0.1 at 2015-07-18 15:12:17 +0900
Processing by Rails::WelcomeController#index as HTML
  Rendered /Users/01006510/.rbenv/versions/2.1.1/lib/ruby/gems/2.1.0/gems/railties-4.2.1/lib/rails/templates/rails/welcome/index.html.erb (0.0ms)
Completed 200 OK in 1ms (Views: 1.1ms | ActiveRecord: 0.0ms)
